Grammar

    0 $accept: program $end

    1 program: declList

    2 declList: declList decl
    3         | decl

    4 decl: varDecl
    5     | funDecl

    6 varDecl: typeSpec varDeclList ytsemicolon

    7 scopedVarDecl: ytstatic typeSpec varDeclList ytsemicolon
    8              | typeSpec varDeclList ytsemicolon

    9 varDeclList: varDeclList ytcomma varDeclInit
   10            | varDeclInit

   11 varDeclInit: varDeclId
   12            | varDeclId ytcolon simpleExp

   13 varDeclId: ID
   14          | ID ytlbracket NUMCONST ytrbracket

   15 typeSpec: ytbool
   16         | ytchar
   17         | ytint

   18 funDecl: typeSpec ID ytlparen parms ytrparen compoundStmt
   19        | ID ytlparen parms ytrparen compoundStmt

   20 parms: parmList
   21      | ε

   22 parmList: parmList ytsemicolon parmTypeList
   23         | parmTypeList

   24 parmTypeList: typeSpec parmIdList

   25 parmIdList: parmIdList ytcomma parmId
   26           | parmId

   27 parmId: ID
   28       | ID ytlbracket ytrbracket

   29 stmt: expStmt
   30     | compoundStmt
   31     | selectStmt
   32     | iterStmt
   33     | returnStmt
   34     | breakStmt

   35 expStmt: exp ytsemicolon
   36        | ytsemicolon

   37 compoundStmt: ytlbrace localDecls stmtList ytrbrace

   38 localDecls: localDecls scopedVarDecl
   39           | ε

   40 stmtList: stmtList stmt
   41         | ε

   42 selectStmt: ytif simpleExp ytthen stmt
   43           | ytif simpleExp ytthen ytelse stmt

   44 iterStmt: ytwhile simpleExp ytthen stmt
   45         | ytfor ID ytequals iterRange ytdo stmt

   46 iterRange: simpleExp ytto simpleExp
   47          | simpleExp ytto simpleExp ytby simpleExp

   48 returnStmt: ytreturn ytsemicolon
   49           | ytreturn exp ytsemicolon

   50 breakStmt: ytbreak ytsemicolon

   51 exp: mutable assignop exp
   52    | mutable ytinc
   53    | mutable ytdec
   54    | simpleExp

   55 assignop: ytequals
   56         | ytassadd
   57         | ytasssub
   58         | ytassmul
   59         | ytassdiv

   60 simpleExp: simpleExp ytor andExp
   61          | andExp

   62 andExp: andExp ytand unaryRelExp
   63       | unaryRelExp

   64 unaryRelExp: ytnot unaryRelExp
   65            | relExp

   66 relExp: sumExp relop sumExp
   67       | sumExp

   68 relop: ytlesser
   69      | yteqlesser
   70      | ytgreater
   71      | yteqgreater
   72      | yteq
   73      | ytnoteq

   74 sumExp: sumExp sumop mulExp
   75       | mulExp

   76 sumop: ytadd
   77      | ytsub

   78 mulExp: mulExp mulop unaryExp
   79       | unaryExp

   80 mulop: ytmul
   81      | ytdiv
   82      | ytmod

   83 unaryExp: unaryop unaryExp
   84         | factor

   85 unaryop: ytsub
   86        | ytmul
   87        | ytquestion

   88 factor: mutable
   89       | immutable

   90 mutable: ID
   91        | ID ytlbracket exp ytrbracket

   92 immutable: ytlparen exp ytrparen
   93          | call
   94          | constant

   95 call: ID ytlparen args ytrparen

   96 args: argList
   97     | ε

   98 argList: argList ytcomma exp
   99        | exp

  100 constant: NUMCONST
  101         | CHARCONST
  102         | STRINGCONST
  103         | BOOLCONST


Terminals, with rules where they appear

    $end (0) 0
    error (256)
    ID <tokenPtr> (258) 13 14 18 19 27 28 45 90 91 95
    NUMCONST <tokenPtr> (259) 14 100
    CHARCONST <tokenPtr> (260) 101
    STRINGCONST <tokenPtr> (261) 102
    BOOLCONST <tokenPtr> (262) 103
    ytlesser <tokenPtr> (263) 68
    ytgreater <tokenPtr> (264) 70
    ytequals <tokenPtr> (265) 45 55
    ytadd <tokenPtr> (266) 76
    ytsub <tokenPtr> (267) 77 85
    ytmul <tokenPtr> (268) 80 86
    ytdiv <tokenPtr> (269) 81
    ytlbracket <tokenPtr> (270) 14 28 91
    ytrbracket <tokenPtr> (271) 14 28 91
    ytquestion <tokenPtr> (272) 87
    ytcomma <tokenPtr> (273) 9 25 98
    ytsemicolon <tokenPtr> (274) 6 7 8 22 35 36 48 49 50
    ytcolon <tokenPtr> (275) 12
    ytlbrace <tokenPtr> (276) 37
    ytrbrace <tokenPtr> (277) 37
    ytlparen <tokenPtr> (278) 18 19 92 95
    ytrparen <tokenPtr> (279) 18 19 92 95
    ytmod <tokenPtr> (280) 82
    ytand <tokenPtr> (281) 62
    ytor <tokenPtr> (282) 60
    yteq <tokenPtr> (283) 72
    ytnoteq <tokenPtr> (284) 73
    yteqlesser <tokenPtr> (285) 69
    yteqgreater <tokenPtr> (286) 71
    ytassadd <tokenPtr> (287) 56
    ytasssub <tokenPtr> (288) 57
    ytassmul <tokenPtr> (289) 58
    ytassdiv <tokenPtr> (290) 59
    ytinc <tokenPtr> (291) 52
    ytdec <tokenPtr> (292) 53
    ytnot <tokenPtr> (293) 64
    ytint <tokenPtr> (294) 17
    ytif <tokenPtr> (295) 42 43
    ytfor <tokenPtr> (296) 45
    ytto <tokenPtr> (297) 46 47
    ytby <tokenPtr> (298) 47
    ytdo <tokenPtr> (299) 45
    ytthen <tokenPtr> (300) 42 43 44
    ytbreak <tokenPtr> (301) 50
    ytelse <tokenPtr> (302) 43
    ytwhile <tokenPtr> (303) 44
    ytreturn <tokenPtr> (304) 48 49
    ytbool <tokenPtr> (305) 15
    ytchar <tokenPtr> (306) 16
    ytstatic <tokenPtr> (307) 7


Nonterminals, with rules where they appear

    $accept (53)
        on left: 0
    program (54)
        on left: 1
        on right: 0
    declList (55)
        on left: 2 3
        on right: 1 2
    decl (56)
        on left: 4 5
        on right: 2 3
    varDecl (57)
        on left: 6
        on right: 4
    scopedVarDecl (58)
        on left: 7 8
        on right: 38
    varDeclList (59)
        on left: 9 10
        on right: 6 7 8 9
    varDeclInit (60)
        on left: 11 12
        on right: 9 10
    varDeclId (61)
        on left: 13 14
        on right: 11 12
    typeSpec (62)
        on left: 15 16 17
        on right: 6 7 8 18 24
    funDecl (63)
        on left: 18 19
        on right: 5
    parms (64)
        on left: 20 21
        on right: 18 19
    parmList (65)
        on left: 22 23
        on right: 20 22
    parmTypeList (66)
        on left: 24
        on right: 22 23
    parmIdList (67)
        on left: 25 26
        on right: 24 25
    parmId (68)
        on left: 27 28
        on right: 25 26
    stmt (69)
        on left: 29 30 31 32 33 34
        on right: 40 42 43 44 45
    expStmt (70)
        on left: 35 36
        on right: 29
    compoundStmt (71)
        on left: 37
        on right: 18 19 30
    localDecls (72)
        on left: 38 39
        on right: 37 38
    stmtList (73)
        on left: 40 41
        on right: 37 40
    selectStmt (74)
        on left: 42 43
        on right: 31
    iterStmt (75)
        on left: 44 45
        on right: 32
    iterRange (76)
        on left: 46 47
        on right: 45
    returnStmt (77)
        on left: 48 49
        on right: 33
    breakStmt (78)
        on left: 50
        on right: 34
    exp (79)
        on left: 51 52 53 54
        on right: 35 49 51 91 92 98 99
    assignop (80)
        on left: 55 56 57 58 59
        on right: 51
    simpleExp (81)
        on left: 60 61
        on right: 12 42 43 44 46 47 54 60
    andExp (82)
        on left: 62 63
        on right: 60 61 62
    unaryRelExp (83)
        on left: 64 65
        on right: 62 63 64
    relExp (84)
        on left: 66 67
        on right: 65
    relop (85)
        on left: 68 69 70 71 72 73
        on right: 66
    sumExp (86)
        on left: 74 75
        on right: 66 67 74
    sumop (87)
        on left: 76 77
        on right: 74
    mulExp (88)
        on left: 78 79
        on right: 74 75 78
    mulop (89)
        on left: 80 81 82
        on right: 78
    unaryExp (90)
        on left: 83 84
        on right: 78 79 83
    unaryop (91)
        on left: 85 86 87
        on right: 83
    factor (92)
        on left: 88 89
        on right: 84
    mutable (93)
        on left: 90 91
        on right: 51 52 53 88
    immutable (94)
        on left: 92 93 94
        on right: 89
    call (95)
        on left: 95
        on right: 93
    args (96)
        on left: 96 97
        on right: 95
    argList (97)
        on left: 98 99
        on right: 96 98
    constant (98)
        on left: 100 101 102 103
        on right: 94


State 0

    0 $accept: • program $end

    ID      shift, and go to state 1
    ytint   shift, and go to state 2
    ytbool  shift, and go to state 3
    ytchar  shift, and go to state 4

    program   go to state 5
    declList  go to state 6
    decl      go to state 7
    varDecl   go to state 8
    typeSpec  go to state 9
    funDecl   go to state 10


State 1

   19 funDecl: ID • ytlparen parms ytrparen compoundStmt

    ytlparen  shift, and go to state 11


State 2

   17 typeSpec: ytint •

    $default  reduce using rule 17 (typeSpec)


State 3

   15 typeSpec: ytbool •

    $default  reduce using rule 15 (typeSpec)


State 4

   16 typeSpec: ytchar •

    $default  reduce using rule 16 (typeSpec)


State 5

    0 $accept: program • $end

    $end  shift, and go to state 12


State 6

    1 program: declList •
    2 declList: declList • decl

    ID      shift, and go to state 1
    ytint   shift, and go to state 2
    ytbool  shift, and go to state 3
    ytchar  shift, and go to state 4

    $default  reduce using rule 1 (program)

    decl      go to state 13
    varDecl   go to state 8
    typeSpec  go to state 9
    funDecl   go to state 10


State 7

    3 declList: decl •

    $default  reduce using rule 3 (declList)


State 8

    4 decl: varDecl •

    $default  reduce using rule 4 (decl)


State 9

    6 varDecl: typeSpec • varDeclList ytsemicolon
   18 funDecl: typeSpec • ID ytlparen parms ytrparen compoundStmt

    ID  shift, and go to state 14

    varDeclList  go to state 15
    varDeclInit  go to state 16
    varDeclId    go to state 17


State 10

    5 decl: funDecl •

    $default  reduce using rule 5 (decl)


State 11

   19 funDecl: ID ytlparen • parms ytrparen compoundStmt

    ytint   shift, and go to state 2
    ytbool  shift, and go to state 3
    ytchar  shift, and go to state 4

    $default  reduce using rule 21 (parms)

    typeSpec      go to state 18
    parms         go to state 19
    parmList      go to state 20
    parmTypeList  go to state 21


State 12

    0 $accept: program $end •

    $default  accept


State 13

    2 declList: declList decl •

    $default  reduce using rule 2 (declList)


State 14

   13 varDeclId: ID •
   14          | ID • ytlbracket NUMCONST ytrbracket
   18 funDecl: typeSpec ID • ytlparen parms ytrparen compoundStmt

    ytlbracket  shift, and go to state 22
    ytlparen    shift, and go to state 23

    $default  reduce using rule 13 (varDeclId)


State 15

    6 varDecl: typeSpec varDeclList • ytsemicolon
    9 varDeclList: varDeclList • ytcomma varDeclInit

    ytcomma      shift, and go to state 24
    ytsemicolon  shift, and go to state 25


State 16

   10 varDeclList: varDeclInit •

    $default  reduce using rule 10 (varDeclList)


State 17

   11 varDeclInit: varDeclId •
   12            | varDeclId • ytcolon simpleExp

    ytcolon  shift, and go to state 26

    $default  reduce using rule 11 (varDeclInit)


State 18

   24 parmTypeList: typeSpec • parmIdList

    ID  shift, and go to state 27

    parmIdList  go to state 28
    parmId      go to state 29


State 19

   19 funDecl: ID ytlparen parms • ytrparen compoundStmt

    ytrparen  shift, and go to state 30


State 20

   20 parms: parmList •
   22 parmList: parmList • ytsemicolon parmTypeList

    ytsemicolon  shift, and go to state 31

    $default  reduce using rule 20 (parms)


State 21

   23 parmList: parmTypeList •

    $default  reduce using rule 23 (parmList)


State 22

   14 varDeclId: ID ytlbracket • NUMCONST ytrbracket

    NUMCONST  shift, and go to state 32


State 23

   18 funDecl: typeSpec ID ytlparen • parms ytrparen compoundStmt

    ytint   shift, and go to state 2
    ytbool  shift, and go to state 3
    ytchar  shift, and go to state 4

    $default  reduce using rule 21 (parms)

    typeSpec      go to state 18
    parms         go to state 33
    parmList      go to state 20
    parmTypeList  go to state 21


State 24

    9 varDeclList: varDeclList ytcomma • varDeclInit

    ID  shift, and go to state 34

    varDeclInit  go to state 35
    varDeclId    go to state 17


State 25

    6 varDecl: typeSpec varDeclList ytsemicolon •

    $default  reduce using rule 6 (varDecl)


State 26

   12 varDeclInit: varDeclId ytcolon • simpleExp

    ID           shift, and go to state 36
    NUMCONST     shift, and go to state 37
    CHARCONST    shift, and go to state 38
    STRINGCONST  shift, and go to state 39
    BOOLCONST    shift, and go to state 40
    ytsub        shift, and go to state 41
    ytmul        shift, and go to state 42
    ytquestion   shift, and go to state 43
    ytlparen     shift, and go to state 44
    ytnot        shift, and go to state 45

    simpleExp    go to state 46
    andExp       go to state 47
    unaryRelExp  go to state 48
    relExp       go to state 49
    sumExp       go to state 50
    mulExp       go to state 51
    unaryExp     go to state 52
    unaryop      go to state 53
    factor       go to state 54
    mutable      go to state 55
    immutable    go to state 56
    call         go to state 57
    constant     go to state 58


State 27

   27 parmId: ID •
   28       | ID • ytlbracket ytrbracket

    ytlbracket  shift, and go to state 59

    $default  reduce using rule 27 (parmId)


State 28

   24 parmTypeList: typeSpec parmIdList •
   25 parmIdList: parmIdList • ytcomma parmId

    ytcomma  shift, and go to state 60

    $default  reduce using rule 24 (parmTypeList)


State 29

   26 parmIdList: parmId •

    $default  reduce using rule 26 (parmIdList)


State 30

   19 funDecl: ID ytlparen parms ytrparen • compoundStmt

    ytlbrace  shift, and go to state 61

    compoundStmt  go to state 62


State 31

   22 parmList: parmList ytsemicolon • parmTypeList

    ytint   shift, and go to state 2
    ytbool  shift, and go to state 3
    ytchar  shift, and go to state 4

    typeSpec      go to state 18
    parmTypeList  go to state 63


State 32

   14 varDeclId: ID ytlbracket NUMCONST • ytrbracket

    ytrbracket  shift, and go to state 64


State 33

   18 funDecl: typeSpec ID ytlparen parms • ytrparen compoundStmt

    ytrparen  shift, and go to state 65


State 34

   13 varDeclId: ID •
   14          | ID • ytlbracket NUMCONST ytrbracket

    ytlbracket  shift, and go to state 22

    $default  reduce using rule 13 (varDeclId)


State 35

    9 varDeclList: varDeclList ytcomma varDeclInit •

    $default  reduce using rule 9 (varDeclList)


State 36

   90 mutable: ID •
   91        | ID • ytlbracket exp ytrbracket
   95 call: ID • ytlparen args ytrparen

    ytlbracket  shift, and go to state 66
    ytlparen    shift, and go to state 67

    $default  reduce using rule 90 (mutable)


State 37

  100 constant: NUMCONST •

    $default  reduce using rule 100 (constant)


State 38

  101 constant: CHARCONST •

    $default  reduce using rule 101 (constant)


State 39

  102 constant: STRINGCONST •

    $default  reduce using rule 102 (constant)


State 40

  103 constant: BOOLCONST •

    $default  reduce using rule 103 (constant)


State 41

   85 unaryop: ytsub •

    $default  reduce using rule 85 (unaryop)


State 42

   86 unaryop: ytmul •

    $default  reduce using rule 86 (unaryop)


State 43

   87 unaryop: ytquestion •

    $default  reduce using rule 87 (unaryop)


State 44

   92 immutable: ytlparen • exp ytrparen

    ID           shift, and go to state 36
    NUMCONST     shift, and go to state 37
    CHARCONST    shift, and go to state 38
    STRINGCONST  shift, and go to state 39
    BOOLCONST    shift, and go to state 40
    ytsub        shift, and go to state 41
    ytmul        shift, and go to state 42
    ytquestion   shift, and go to state 43
    ytlparen     shift, and go to state 44
    ytnot        shift, and go to state 45

    exp          go to state 68
    simpleExp    go to state 69
    andExp       go to state 47
    unaryRelExp  go to state 48
    relExp       go to state 49
    sumExp       go to state 50
    mulExp       go to state 51
    unaryExp     go to state 52
    unaryop      go to state 53
    factor       go to state 54
    mutable      go to state 70
    immutable    go to state 56
    call         go to state 57
    constant     go to state 58


State 45

   64 unaryRelExp: ytnot • unaryRelExp

    ID           shift, and go to state 36
    NUMCONST     shift, and go to state 37
    CHARCONST    shift, and go to state 38
    STRINGCONST  shift, and go to state 39
    BOOLCONST    shift, and go to state 40
    ytsub        shift, and go to state 41
    ytmul        shift, and go to state 42
    ytquestion   shift, and go to state 43
    ytlparen     shift, and go to state 44
    ytnot        shift, and go to state 45

    unaryRelExp  go to state 71
    relExp       go to state 49
    sumExp       go to state 50
    mulExp       go to state 51
    unaryExp     go to state 52
    unaryop      go to state 53
    factor       go to state 54
    mutable      go to state 55
    immutable    go to state 56
    call         go to state 57
    constant     go to state 58


State 46

   12 varDeclInit: varDeclId ytcolon simpleExp •
   60 simpleExp: simpleExp • ytor andExp

    ytor  shift, and go to state 72

    $default  reduce using rule 12 (varDeclInit)


State 47

   61 simpleExp: andExp •
   62 andExp: andExp • ytand unaryRelExp

    ytand  shift, and go to state 73

    $default  reduce using rule 61 (simpleExp)


State 48

   63 andExp: unaryRelExp •

    $default  reduce using rule 63 (andExp)


State 49

   65 unaryRelExp: relExp •

    $default  reduce using rule 65 (unaryRelExp)


State 50

   66 relExp: sumExp • relop sumExp
   67       | sumExp •
   74 sumExp: sumExp • sumop mulExp

    ytlesser     shift, and go to state 74
    ytgreater    shift, and go to state 75
    ytadd        shift, and go to state 76
    ytsub        shift, and go to state 77
    yteq         shift, and go to state 78
    ytnoteq      shift, and go to state 79
    yteqlesser   shift, and go to state 80
    yteqgreater  shift, and go to state 81

    $default  reduce using rule 67 (relExp)

    relop  go to state 82
    sumop  go to state 83


State 51

   75 sumExp: mulExp •
   78 mulExp: mulExp • mulop unaryExp

    ytmul  shift, and go to state 84
    ytdiv  shift, and go to state 85
    ytmod  shift, and go to state 86

    $default  reduce using rule 75 (sumExp)

    mulop  go to state 87


State 52

   79 mulExp: unaryExp •

    $default  reduce using rule 79 (mulExp)


State 53

   83 unaryExp: unaryop • unaryExp

    ID           shift, and go to state 36
    NUMCONST     shift, and go to state 37
    CHARCONST    shift, and go to state 38
    STRINGCONST  shift, and go to state 39
    BOOLCONST    shift, and go to state 40
    ytsub        shift, and go to state 41
    ytmul        shift, and go to state 42
    ytquestion   shift, and go to state 43
    ytlparen     shift, and go to state 44

    unaryExp   go to state 88
    unaryop    go to state 53
    factor     go to state 54
    mutable    go to state 55
    immutable  go to state 56
    call       go to state 57
    constant   go to state 58


State 54

   84 unaryExp: factor •

    $default  reduce using rule 84 (unaryExp)


State 55

   88 factor: mutable •

    $default  reduce using rule 88 (factor)


State 56

   89 factor: immutable •

    $default  reduce using rule 89 (factor)


State 57

   93 immutable: call •

    $default  reduce using rule 93 (immutable)


State 58

   94 immutable: constant •

    $default  reduce using rule 94 (immutable)


State 59

   28 parmId: ID ytlbracket • ytrbracket

    ytrbracket  shift, and go to state 89


State 60

   25 parmIdList: parmIdList ytcomma • parmId

    ID  shift, and go to state 27

    parmId  go to state 90


State 61

   37 compoundStmt: ytlbrace • localDecls stmtList ytrbrace

    $default  reduce using rule 39 (localDecls)

    localDecls  go to state 91


State 62

   19 funDecl: ID ytlparen parms ytrparen compoundStmt •

    $default  reduce using rule 19 (funDecl)


State 63

   22 parmList: parmList ytsemicolon parmTypeList •

    $default  reduce using rule 22 (parmList)


State 64

   14 varDeclId: ID ytlbracket NUMCONST ytrbracket •

    $default  reduce using rule 14 (varDeclId)


State 65

   18 funDecl: typeSpec ID ytlparen parms ytrparen • compoundStmt

    ytlbrace  shift, and go to state 61

    compoundStmt  go to state 92


State 66

   91 mutable: ID ytlbracket • exp ytrbracket

    ID           shift, and go to state 36
    NUMCONST     shift, and go to state 37
    CHARCONST    shift, and go to state 38
    STRINGCONST  shift, and go to state 39
    BOOLCONST    shift, and go to state 40
    ytsub        shift, and go to state 41
    ytmul        shift, and go to state 42
    ytquestion   shift, and go to state 43
    ytlparen     shift, and go to state 44
    ytnot        shift, and go to state 45

    exp          go to state 93
    simpleExp    go to state 69
    andExp       go to state 47
    unaryRelExp  go to state 48
    relExp       go to state 49
    sumExp       go to state 50
    mulExp       go to state 51
    unaryExp     go to state 52
    unaryop      go to state 53
    factor       go to state 54
    mutable      go to state 70
    immutable    go to state 56
    call         go to state 57
    constant     go to state 58


State 67

   95 call: ID ytlparen • args ytrparen

    ID           shift, and go to state 36
    NUMCONST     shift, and go to state 37
    CHARCONST    shift, and go to state 38
    STRINGCONST  shift, and go to state 39
    BOOLCONST    shift, and go to state 40
    ytsub        shift, and go to state 41
    ytmul        shift, and go to state 42
    ytquestion   shift, and go to state 43
    ytlparen     shift, and go to state 44
    ytnot        shift, and go to state 45

    $default  reduce using rule 97 (args)

    exp          go to state 94
    simpleExp    go to state 69
    andExp       go to state 47
    unaryRelExp  go to state 48
    relExp       go to state 49
    sumExp       go to state 50
    mulExp       go to state 51
    unaryExp     go to state 52
    unaryop      go to state 53
    factor       go to state 54
    mutable      go to state 70
    immutable    go to state 56
    call         go to state 57
    args         go to state 95
    argList      go to state 96
    constant     go to state 58


State 68

   92 immutable: ytlparen exp • ytrparen

    ytrparen  shift, and go to state 97


State 69

   54 exp: simpleExp •
   60 simpleExp: simpleExp • ytor andExp

    ytor  shift, and go to state 72

    $default  reduce using rule 54 (exp)


State 70

   51 exp: mutable • assignop exp
   52    | mutable • ytinc
   53    | mutable • ytdec
   88 factor: mutable •

    ytequals  shift, and go to state 98
    ytassadd  shift, and go to state 99
    ytasssub  shift, and go to state 100
    ytassmul  shift, and go to state 101
    ytassdiv  shift, and go to state 102
    ytinc     shift, and go to state 103
    ytdec     shift, and go to state 104

    $default  reduce using rule 88 (factor)

    assignop  go to state 105


State 71

   64 unaryRelExp: ytnot unaryRelExp •

    $default  reduce using rule 64 (unaryRelExp)


State 72

   60 simpleExp: simpleExp ytor • andExp

    ID           shift, and go to state 36
    NUMCONST     shift, and go to state 37
    CHARCONST    shift, and go to state 38
    STRINGCONST  shift, and go to state 39
    BOOLCONST    shift, and go to state 40
    ytsub        shift, and go to state 41
    ytmul        shift, and go to state 42
    ytquestion   shift, and go to state 43
    ytlparen     shift, and go to state 44
    ytnot        shift, and go to state 45

    andExp       go to state 106
    unaryRelExp  go to state 48
    relExp       go to state 49
    sumExp       go to state 50
    mulExp       go to state 51
    unaryExp     go to state 52
    unaryop      go to state 53
    factor       go to state 54
    mutable      go to state 55
    immutable    go to state 56
    call         go to state 57
    constant     go to state 58


State 73

   62 andExp: andExp ytand • unaryRelExp

    ID           shift, and go to state 36
    NUMCONST     shift, and go to state 37
    CHARCONST    shift, and go to state 38
    STRINGCONST  shift, and go to state 39
    BOOLCONST    shift, and go to state 40
    ytsub        shift, and go to state 41
    ytmul        shift, and go to state 42
    ytquestion   shift, and go to state 43
    ytlparen     shift, and go to state 44
    ytnot        shift, and go to state 45

    unaryRelExp  go to state 107
    relExp       go to state 49
    sumExp       go to state 50
    mulExp       go to state 51
    unaryExp     go to state 52
    unaryop      go to state 53
    factor       go to state 54
    mutable      go to state 55
    immutable    go to state 56
    call         go to state 57
    constant     go to state 58


State 74

   68 relop: ytlesser •

    $default  reduce using rule 68 (relop)


State 75

   70 relop: ytgreater •

    $default  reduce using rule 70 (relop)


State 76

   76 sumop: ytadd •

    $default  reduce using rule 76 (sumop)


State 77

   77 sumop: ytsub •

    $default  reduce using rule 77 (sumop)


State 78

   72 relop: yteq •

    $default  reduce using rule 72 (relop)


State 79

   73 relop: ytnoteq •

    $default  reduce using rule 73 (relop)


State 80

   69 relop: yteqlesser •

    $default  reduce using rule 69 (relop)


State 81

   71 relop: yteqgreater •

    $default  reduce using rule 71 (relop)


State 82

   66 relExp: sumExp relop • sumExp

    ID           shift, and go to state 36
    NUMCONST     shift, and go to state 37
    CHARCONST    shift, and go to state 38
    STRINGCONST  shift, and go to state 39
    BOOLCONST    shift, and go to state 40
    ytsub        shift, and go to state 41
    ytmul        shift, and go to state 42
    ytquestion   shift, and go to state 43
    ytlparen     shift, and go to state 44

    sumExp     go to state 108
    mulExp     go to state 51
    unaryExp   go to state 52
    unaryop    go to state 53
    factor     go to state 54
    mutable    go to state 55
    immutable  go to state 56
    call       go to state 57
    constant   go to state 58


State 83

   74 sumExp: sumExp sumop • mulExp

    ID           shift, and go to state 36
    NUMCONST     shift, and go to state 37
    CHARCONST    shift, and go to state 38
    STRINGCONST  shift, and go to state 39
    BOOLCONST    shift, and go to state 40
    ytsub        shift, and go to state 41
    ytmul        shift, and go to state 42
    ytquestion   shift, and go to state 43
    ytlparen     shift, and go to state 44

    mulExp     go to state 109
    unaryExp   go to state 52
    unaryop    go to state 53
    factor     go to state 54
    mutable    go to state 55
    immutable  go to state 56
    call       go to state 57
    constant   go to state 58


State 84

   80 mulop: ytmul •

    $default  reduce using rule 80 (mulop)


State 85

   81 mulop: ytdiv •

    $default  reduce using rule 81 (mulop)


State 86

   82 mulop: ytmod •

    $default  reduce using rule 82 (mulop)


State 87

   78 mulExp: mulExp mulop • unaryExp

    ID           shift, and go to state 36
    NUMCONST     shift, and go to state 37
    CHARCONST    shift, and go to state 38
    STRINGCONST  shift, and go to state 39
    BOOLCONST    shift, and go to state 40
    ytsub        shift, and go to state 41
    ytmul        shift, and go to state 42
    ytquestion   shift, and go to state 43
    ytlparen     shift, and go to state 44

    unaryExp   go to state 110
    unaryop    go to state 53
    factor     go to state 54
    mutable    go to state 55
    immutable  go to state 56
    call       go to state 57
    constant   go to state 58


State 88

   83 unaryExp: unaryop unaryExp •

    $default  reduce using rule 83 (unaryExp)


State 89

   28 parmId: ID ytlbracket ytrbracket •

    $default  reduce using rule 28 (parmId)


State 90

   25 parmIdList: parmIdList ytcomma parmId •

    $default  reduce using rule 25 (parmIdList)


State 91

   37 compoundStmt: ytlbrace localDecls • stmtList ytrbrace
   38 localDecls: localDecls • scopedVarDecl

    ytint     shift, and go to state 2
    ytbool    shift, and go to state 3
    ytchar    shift, and go to state 4
    ytstatic  shift, and go to state 111

    $default  reduce using rule 41 (stmtList)

    scopedVarDecl  go to state 112
    typeSpec       go to state 113
    stmtList       go to state 114


State 92

   18 funDecl: typeSpec ID ytlparen parms ytrparen compoundStmt •

    $default  reduce using rule 18 (funDecl)


State 93

   91 mutable: ID ytlbracket exp • ytrbracket

    ytrbracket  shift, and go to state 115


State 94

   99 argList: exp •

    $default  reduce using rule 99 (argList)


State 95

   95 call: ID ytlparen args • ytrparen

    ytrparen  shift, and go to state 116


State 96

   96 args: argList •
   98 argList: argList • ytcomma exp

    ytcomma  shift, and go to state 117

    $default  reduce using rule 96 (args)


State 97

   92 immutable: ytlparen exp ytrparen •

    $default  reduce using rule 92 (immutable)


State 98

   55 assignop: ytequals •

    $default  reduce using rule 55 (assignop)


State 99

   56 assignop: ytassadd •

    $default  reduce using rule 56 (assignop)


State 100

   57 assignop: ytasssub •

    $default  reduce using rule 57 (assignop)


State 101

   58 assignop: ytassmul •

    $default  reduce using rule 58 (assignop)


State 102

   59 assignop: ytassdiv •

    $default  reduce using rule 59 (assignop)


State 103

   52 exp: mutable ytinc •

    $default  reduce using rule 52 (exp)


State 104

   53 exp: mutable ytdec •

    $default  reduce using rule 53 (exp)


State 105

   51 exp: mutable assignop • exp

    ID           shift, and go to state 36
    NUMCONST     shift, and go to state 37
    CHARCONST    shift, and go to state 38
    STRINGCONST  shift, and go to state 39
    BOOLCONST    shift, and go to state 40
    ytsub        shift, and go to state 41
    ytmul        shift, and go to state 42
    ytquestion   shift, and go to state 43
    ytlparen     shift, and go to state 44
    ytnot        shift, and go to state 45

    exp          go to state 118
    simpleExp    go to state 69
    andExp       go to state 47
    unaryRelExp  go to state 48
    relExp       go to state 49
    sumExp       go to state 50
    mulExp       go to state 51
    unaryExp     go to state 52
    unaryop      go to state 53
    factor       go to state 54
    mutable      go to state 70
    immutable    go to state 56
    call         go to state 57
    constant     go to state 58


State 106

   60 simpleExp: simpleExp ytor andExp •
   62 andExp: andExp • ytand unaryRelExp

    ytand  shift, and go to state 73

    $default  reduce using rule 60 (simpleExp)


State 107

   62 andExp: andExp ytand unaryRelExp •

    $default  reduce using rule 62 (andExp)


State 108

   66 relExp: sumExp relop sumExp •
   74 sumExp: sumExp • sumop mulExp

    ytadd  shift, and go to state 76
    ytsub  shift, and go to state 77

    $default  reduce using rule 66 (relExp)

    sumop  go to state 83


State 109

   74 sumExp: sumExp sumop mulExp •
   78 mulExp: mulExp • mulop unaryExp

    ytmul  shift, and go to state 84
    ytdiv  shift, and go to state 85
    ytmod  shift, and go to state 86

    $default  reduce using rule 74 (sumExp)

    mulop  go to state 87


State 110

   78 mulExp: mulExp mulop unaryExp •

    $default  reduce using rule 78 (mulExp)


State 111

    7 scopedVarDecl: ytstatic • typeSpec varDeclList ytsemicolon

    ytint   shift, and go to state 2
    ytbool  shift, and go to state 3
    ytchar  shift, and go to state 4

    typeSpec  go to state 119


State 112

   38 localDecls: localDecls scopedVarDecl •

    $default  reduce using rule 38 (localDecls)


State 113

    8 scopedVarDecl: typeSpec • varDeclList ytsemicolon

    ID  shift, and go to state 34

    varDeclList  go to state 120
    varDeclInit  go to state 16
    varDeclId    go to state 17


State 114

   37 compoundStmt: ytlbrace localDecls stmtList • ytrbrace
   40 stmtList: stmtList • stmt

    ID           shift, and go to state 36
    NUMCONST     shift, and go to state 37
    CHARCONST    shift, and go to state 38
    STRINGCONST  shift, and go to state 39
    BOOLCONST    shift, and go to state 40
    ytsub        shift, and go to state 41
    ytmul        shift, and go to state 42
    ytquestion   shift, and go to state 43
    ytsemicolon  shift, and go to state 121
    ytlbrace     shift, and go to state 61
    ytrbrace     shift, and go to state 122
    ytlparen     shift, and go to state 44
    ytnot        shift, and go to state 45
    ytif         shift, and go to state 123
    ytfor        shift, and go to state 124
    ytbreak      shift, and go to state 125
    ytwhile      shift, and go to state 126
    ytreturn     shift, and go to state 127

    stmt          go to state 128
    expStmt       go to state 129
    compoundStmt  go to state 130
    selectStmt    go to state 131
    iterStmt      go to state 132
    returnStmt    go to state 133
    breakStmt     go to state 134
    exp           go to state 135
    simpleExp     go to state 69
    andExp        go to state 47
    unaryRelExp   go to state 48
    relExp        go to state 49
    sumExp        go to state 50
    mulExp        go to state 51
    unaryExp      go to state 52
    unaryop       go to state 53
    factor        go to state 54
    mutable       go to state 70
    immutable     go to state 56
    call          go to state 57
    constant      go to state 58


State 115

   91 mutable: ID ytlbracket exp ytrbracket •

    $default  reduce using rule 91 (mutable)


State 116

   95 call: ID ytlparen args ytrparen •

    $default  reduce using rule 95 (call)


State 117

   98 argList: argList ytcomma • exp

    ID           shift, and go to state 36
    NUMCONST     shift, and go to state 37
    CHARCONST    shift, and go to state 38
    STRINGCONST  shift, and go to state 39
    BOOLCONST    shift, and go to state 40
    ytsub        shift, and go to state 41
    ytmul        shift, and go to state 42
    ytquestion   shift, and go to state 43
    ytlparen     shift, and go to state 44
    ytnot        shift, and go to state 45

    exp          go to state 136
    simpleExp    go to state 69
    andExp       go to state 47
    unaryRelExp  go to state 48
    relExp       go to state 49
    sumExp       go to state 50
    mulExp       go to state 51
    unaryExp     go to state 52
    unaryop      go to state 53
    factor       go to state 54
    mutable      go to state 70
    immutable    go to state 56
    call         go to state 57
    constant     go to state 58


State 118

   51 exp: mutable assignop exp •

    $default  reduce using rule 51 (exp)


State 119

    7 scopedVarDecl: ytstatic typeSpec • varDeclList ytsemicolon

    ID  shift, and go to state 34

    varDeclList  go to state 137
    varDeclInit  go to state 16
    varDeclId    go to state 17


State 120

    8 scopedVarDecl: typeSpec varDeclList • ytsemicolon
    9 varDeclList: varDeclList • ytcomma varDeclInit

    ytcomma      shift, and go to state 24
    ytsemicolon  shift, and go to state 138


State 121

   36 expStmt: ytsemicolon •

    $default  reduce using rule 36 (expStmt)


State 122

   37 compoundStmt: ytlbrace localDecls stmtList ytrbrace •

    $default  reduce using rule 37 (compoundStmt)


State 123

   42 selectStmt: ytif • simpleExp ytthen stmt
   43           | ytif • simpleExp ytthen ytelse stmt

    ID           shift, and go to state 36
    NUMCONST     shift, and go to state 37
    CHARCONST    shift, and go to state 38
    STRINGCONST  shift, and go to state 39
    BOOLCONST    shift, and go to state 40
    ytsub        shift, and go to state 41
    ytmul        shift, and go to state 42
    ytquestion   shift, and go to state 43
    ytlparen     shift, and go to state 44
    ytnot        shift, and go to state 45

    simpleExp    go to state 139
    andExp       go to state 47
    unaryRelExp  go to state 48
    relExp       go to state 49
    sumExp       go to state 50
    mulExp       go to state 51
    unaryExp     go to state 52
    unaryop      go to state 53
    factor       go to state 54
    mutable      go to state 55
    immutable    go to state 56
    call         go to state 57
    constant     go to state 58


State 124

   45 iterStmt: ytfor • ID ytequals iterRange ytdo stmt

    ID  shift, and go to state 140


State 125

   50 breakStmt: ytbreak • ytsemicolon

    ytsemicolon  shift, and go to state 141


State 126

   44 iterStmt: ytwhile • simpleExp ytthen stmt

    ID           shift, and go to state 36
    NUMCONST     shift, and go to state 37
    CHARCONST    shift, and go to state 38
    STRINGCONST  shift, and go to state 39
    BOOLCONST    shift, and go to state 40
    ytsub        shift, and go to state 41
    ytmul        shift, and go to state 42
    ytquestion   shift, and go to state 43
    ytlparen     shift, and go to state 44
    ytnot        shift, and go to state 45

    simpleExp    go to state 142
    andExp       go to state 47
    unaryRelExp  go to state 48
    relExp       go to state 49
    sumExp       go to state 50
    mulExp       go to state 51
    unaryExp     go to state 52
    unaryop      go to state 53
    factor       go to state 54
    mutable      go to state 55
    immutable    go to state 56
    call         go to state 57
    constant     go to state 58


State 127

   48 returnStmt: ytreturn • ytsemicolon
   49           | ytreturn • exp ytsemicolon

    ID           shift, and go to state 36
    NUMCONST     shift, and go to state 37
    CHARCONST    shift, and go to state 38
    STRINGCONST  shift, and go to state 39
    BOOLCONST    shift, and go to state 40
    ytsub        shift, and go to state 41
    ytmul        shift, and go to state 42
    ytquestion   shift, and go to state 43
    ytsemicolon  shift, and go to state 143
    ytlparen     shift, and go to state 44
    ytnot        shift, and go to state 45

    exp          go to state 144
    simpleExp    go to state 69
    andExp       go to state 47
    unaryRelExp  go to state 48
    relExp       go to state 49
    sumExp       go to state 50
    mulExp       go to state 51
    unaryExp     go to state 52
    unaryop      go to state 53
    factor       go to state 54
    mutable      go to state 70
    immutable    go to state 56
    call         go to state 57
    constant     go to state 58


State 128

   40 stmtList: stmtList stmt •

    $default  reduce using rule 40 (stmtList)


State 129

   29 stmt: expStmt •

    $default  reduce using rule 29 (stmt)


State 130

   30 stmt: compoundStmt •

    $default  reduce using rule 30 (stmt)


State 131

   31 stmt: selectStmt •

    $default  reduce using rule 31 (stmt)


State 132

   32 stmt: iterStmt •

    $default  reduce using rule 32 (stmt)


State 133

   33 stmt: returnStmt •

    $default  reduce using rule 33 (stmt)


State 134

   34 stmt: breakStmt •

    $default  reduce using rule 34 (stmt)


State 135

   35 expStmt: exp • ytsemicolon

    ytsemicolon  shift, and go to state 145


State 136

   98 argList: argList ytcomma exp •

    $default  reduce using rule 98 (argList)


State 137

    7 scopedVarDecl: ytstatic typeSpec varDeclList • ytsemicolon
    9 varDeclList: varDeclList • ytcomma varDeclInit

    ytcomma      shift, and go to state 24
    ytsemicolon  shift, and go to state 146


State 138

    8 scopedVarDecl: typeSpec varDeclList ytsemicolon •

    $default  reduce using rule 8 (scopedVarDecl)


State 139

   42 selectStmt: ytif simpleExp • ytthen stmt
   43           | ytif simpleExp • ytthen ytelse stmt
   60 simpleExp: simpleExp • ytor andExp

    ytor    shift, and go to state 72
    ytthen  shift, and go to state 147


State 140

   45 iterStmt: ytfor ID • ytequals iterRange ytdo stmt

    ytequals  shift, and go to state 148


State 141

   50 breakStmt: ytbreak ytsemicolon •

    $default  reduce using rule 50 (breakStmt)


State 142

   44 iterStmt: ytwhile simpleExp • ytthen stmt
   60 simpleExp: simpleExp • ytor andExp

    ytor    shift, and go to state 72
    ytthen  shift, and go to state 149


State 143

   48 returnStmt: ytreturn ytsemicolon •

    $default  reduce using rule 48 (returnStmt)


State 144

   49 returnStmt: ytreturn exp • ytsemicolon

    ytsemicolon  shift, and go to state 150


State 145

   35 expStmt: exp ytsemicolon •

    $default  reduce using rule 35 (expStmt)


State 146

    7 scopedVarDecl: ytstatic typeSpec varDeclList ytsemicolon •

    $default  reduce using rule 7 (scopedVarDecl)


State 147

   42 selectStmt: ytif simpleExp ytthen • stmt
   43           | ytif simpleExp ytthen • ytelse stmt

    ID           shift, and go to state 36
    NUMCONST     shift, and go to state 37
    CHARCONST    shift, and go to state 38
    STRINGCONST  shift, and go to state 39
    BOOLCONST    shift, and go to state 40
    ytsub        shift, and go to state 41
    ytmul        shift, and go to state 42
    ytquestion   shift, and go to state 43
    ytsemicolon  shift, and go to state 121
    ytlbrace     shift, and go to state 61
    ytlparen     shift, and go to state 44
    ytnot        shift, and go to state 45
    ytif         shift, and go to state 123
    ytfor        shift, and go to state 124
    ytbreak      shift, and go to state 125
    ytelse       shift, and go to state 151
    ytwhile      shift, and go to state 126
    ytreturn     shift, and go to state 127

    stmt          go to state 152
    expStmt       go to state 129
    compoundStmt  go to state 130
    selectStmt    go to state 131
    iterStmt      go to state 132
    returnStmt    go to state 133
    breakStmt     go to state 134
    exp           go to state 135
    simpleExp     go to state 69
    andExp        go to state 47
    unaryRelExp   go to state 48
    relExp        go to state 49
    sumExp        go to state 50
    mulExp        go to state 51
    unaryExp      go to state 52
    unaryop       go to state 53
    factor        go to state 54
    mutable       go to state 70
    immutable     go to state 56
    call          go to state 57
    constant      go to state 58


State 148

   45 iterStmt: ytfor ID ytequals • iterRange ytdo stmt

    ID           shift, and go to state 36
    NUMCONST     shift, and go to state 37
    CHARCONST    shift, and go to state 38
    STRINGCONST  shift, and go to state 39
    BOOLCONST    shift, and go to state 40
    ytsub        shift, and go to state 41
    ytmul        shift, and go to state 42
    ytquestion   shift, and go to state 43
    ytlparen     shift, and go to state 44
    ytnot        shift, and go to state 45

    iterRange    go to state 153
    simpleExp    go to state 154
    andExp       go to state 47
    unaryRelExp  go to state 48
    relExp       go to state 49
    sumExp       go to state 50
    mulExp       go to state 51
    unaryExp     go to state 52
    unaryop      go to state 53
    factor       go to state 54
    mutable      go to state 55
    immutable    go to state 56
    call         go to state 57
    constant     go to state 58


State 149

   44 iterStmt: ytwhile simpleExp ytthen • stmt

    ID           shift, and go to state 36
    NUMCONST     shift, and go to state 37
    CHARCONST    shift, and go to state 38
    STRINGCONST  shift, and go to state 39
    BOOLCONST    shift, and go to state 40
    ytsub        shift, and go to state 41
    ytmul        shift, and go to state 42
    ytquestion   shift, and go to state 43
    ytsemicolon  shift, and go to state 121
    ytlbrace     shift, and go to state 61
    ytlparen     shift, and go to state 44
    ytnot        shift, and go to state 45
    ytif         shift, and go to state 123
    ytfor        shift, and go to state 124
    ytbreak      shift, and go to state 125
    ytwhile      shift, and go to state 126
    ytreturn     shift, and go to state 127

    stmt          go to state 155
    expStmt       go to state 129
    compoundStmt  go to state 130
    selectStmt    go to state 131
    iterStmt      go to state 132
    returnStmt    go to state 133
    breakStmt     go to state 134
    exp           go to state 135
    simpleExp     go to state 69
    andExp        go to state 47
    unaryRelExp   go to state 48
    relExp        go to state 49
    sumExp        go to state 50
    mulExp        go to state 51
    unaryExp      go to state 52
    unaryop       go to state 53
    factor        go to state 54
    mutable       go to state 70
    immutable     go to state 56
    call          go to state 57
    constant      go to state 58


State 150

   49 returnStmt: ytreturn exp ytsemicolon •

    $default  reduce using rule 49 (returnStmt)


State 151

   43 selectStmt: ytif simpleExp ytthen ytelse • stmt

    ID           shift, and go to state 36
    NUMCONST     shift, and go to state 37
    CHARCONST    shift, and go to state 38
    STRINGCONST  shift, and go to state 39
    BOOLCONST    shift, and go to state 40
    ytsub        shift, and go to state 41
    ytmul        shift, and go to state 42
    ytquestion   shift, and go to state 43
    ytsemicolon  shift, and go to state 121
    ytlbrace     shift, and go to state 61
    ytlparen     shift, and go to state 44
    ytnot        shift, and go to state 45
    ytif         shift, and go to state 123
    ytfor        shift, and go to state 124
    ytbreak      shift, and go to state 125
    ytwhile      shift, and go to state 126
    ytreturn     shift, and go to state 127

    stmt          go to state 156
    expStmt       go to state 129
    compoundStmt  go to state 130
    selectStmt    go to state 131
    iterStmt      go to state 132
    returnStmt    go to state 133
    breakStmt     go to state 134
    exp           go to state 135
    simpleExp     go to state 69
    andExp        go to state 47
    unaryRelExp   go to state 48
    relExp        go to state 49
    sumExp        go to state 50
    mulExp        go to state 51
    unaryExp      go to state 52
    unaryop       go to state 53
    factor        go to state 54
    mutable       go to state 70
    immutable     go to state 56
    call          go to state 57
    constant      go to state 58


State 152

   42 selectStmt: ytif simpleExp ytthen stmt •

    $default  reduce using rule 42 (selectStmt)


State 153

   45 iterStmt: ytfor ID ytequals iterRange • ytdo stmt

    ytdo  shift, and go to state 157


State 154

   46 iterRange: simpleExp • ytto simpleExp
   47          | simpleExp • ytto simpleExp ytby simpleExp
   60 simpleExp: simpleExp • ytor andExp

    ytor  shift, and go to state 72
    ytto  shift, and go to state 158


State 155

   44 iterStmt: ytwhile simpleExp ytthen stmt •

    $default  reduce using rule 44 (iterStmt)


State 156

   43 selectStmt: ytif simpleExp ytthen ytelse stmt •

    $default  reduce using rule 43 (selectStmt)


State 157

   45 iterStmt: ytfor ID ytequals iterRange ytdo • stmt

    ID           shift, and go to state 36
    NUMCONST     shift, and go to state 37
    CHARCONST    shift, and go to state 38
    STRINGCONST  shift, and go to state 39
    BOOLCONST    shift, and go to state 40
    ytsub        shift, and go to state 41
    ytmul        shift, and go to state 42
    ytquestion   shift, and go to state 43
    ytsemicolon  shift, and go to state 121
    ytlbrace     shift, and go to state 61
    ytlparen     shift, and go to state 44
    ytnot        shift, and go to state 45
    ytif         shift, and go to state 123
    ytfor        shift, and go to state 124
    ytbreak      shift, and go to state 125
    ytwhile      shift, and go to state 126
    ytreturn     shift, and go to state 127

    stmt          go to state 159
    expStmt       go to state 129
    compoundStmt  go to state 130
    selectStmt    go to state 131
    iterStmt      go to state 132
    returnStmt    go to state 133
    breakStmt     go to state 134
    exp           go to state 135
    simpleExp     go to state 69
    andExp        go to state 47
    unaryRelExp   go to state 48
    relExp        go to state 49
    sumExp        go to state 50
    mulExp        go to state 51
    unaryExp      go to state 52
    unaryop       go to state 53
    factor        go to state 54
    mutable       go to state 70
    immutable     go to state 56
    call          go to state 57
    constant      go to state 58


State 158

   46 iterRange: simpleExp ytto • simpleExp
   47          | simpleExp ytto • simpleExp ytby simpleExp

    ID           shift, and go to state 36
    NUMCONST     shift, and go to state 37
    CHARCONST    shift, and go to state 38
    STRINGCONST  shift, and go to state 39
    BOOLCONST    shift, and go to state 40
    ytsub        shift, and go to state 41
    ytmul        shift, and go to state 42
    ytquestion   shift, and go to state 43
    ytlparen     shift, and go to state 44
    ytnot        shift, and go to state 45

    simpleExp    go to state 160
    andExp       go to state 47
    unaryRelExp  go to state 48
    relExp       go to state 49
    sumExp       go to state 50
    mulExp       go to state 51
    unaryExp     go to state 52
    unaryop      go to state 53
    factor       go to state 54
    mutable      go to state 55
    immutable    go to state 56
    call         go to state 57
    constant     go to state 58


State 159

   45 iterStmt: ytfor ID ytequals iterRange ytdo stmt •

    $default  reduce using rule 45 (iterStmt)


State 160

   46 iterRange: simpleExp ytto simpleExp •
   47          | simpleExp ytto simpleExp • ytby simpleExp
   60 simpleExp: simpleExp • ytor andExp

    ytor  shift, and go to state 72
    ytby  shift, and go to state 161

    $default  reduce using rule 46 (iterRange)


State 161

   47 iterRange: simpleExp ytto simpleExp ytby • simpleExp

    ID           shift, and go to state 36
    NUMCONST     shift, and go to state 37
    CHARCONST    shift, and go to state 38
    STRINGCONST  shift, and go to state 39
    BOOLCONST    shift, and go to state 40
    ytsub        shift, and go to state 41
    ytmul        shift, and go to state 42
    ytquestion   shift, and go to state 43
    ytlparen     shift, and go to state 44
    ytnot        shift, and go to state 45

    simpleExp    go to state 162
    andExp       go to state 47
    unaryRelExp  go to state 48
    relExp       go to state 49
    sumExp       go to state 50
    mulExp       go to state 51
    unaryExp     go to state 52
    unaryop      go to state 53
    factor       go to state 54
    mutable      go to state 55
    immutable    go to state 56
    call         go to state 57
    constant     go to state 58


State 162

   47 iterRange: simpleExp ytto simpleExp ytby simpleExp •
   60 simpleExp: simpleExp • ytor andExp

    ytor  shift, and go to state 72

    $default  reduce using rule 47 (iterRange)
